# JRE version: OpenJDK Runtime Environment Temurin-21.0.7+6 (21.0.7+6) (build 21.0.7+6-LTS)
# Java VM: OpenJDK 64-Bit Server VM Temurin-21.0.7+6 (21.0.7+6-LTS, mixed mode, sharing, tiered, compressed oops, compressed class ptrs, parallel gc, windows-amd64)
GC Precious Log:
 CardTable entry size: 512
 CPUs: 8 total, 8 available
 Memory: 8022M
 Large Page Support: Disabled
 NUMA Support: Disabled
 Compressed Oops: Enabled (32-bit)
 Alignments: Space 512K, Generation 512K, Heap 2M
 Heap Min Capacity: 100M
 Heap Initial Capacity: 100M
 Heap Max Capacity: 1G
 Pre-touch: Disabled
 Parallel Workers: 8
Heap:
 PSYoungGen      total 23040K, used 17292K [0x00000000eab00000, 0x00000000ec780000, 0x0000000100000000)
  eden space 22016K, 73% used [0x00000000eab00000,0x00000000ebae30c0,0x00000000ec080000)
  from space 1024K, 100% used [0x00000000ec600000,0x00000000ec700000,0x00000000ec700000)
  to   space 512K, 0% used [0x00000000ec700000,0x00000000ec700000,0x00000000ec780000)
 ParOldGen       total 68608K, used 17810K [0x00000000c0000000, 0x00000000c4300000, 0x00000000eab00000)
  object space 68608K, 25% used [0x00000000c0000000,0x00000000c1164b68,0x00000000c4300000)
 Metaspace       used 39250K, committed 40320K, reserved 1114112K
  class space    used 4107K, committed 4480K, reserved 1048576K
GC Heap History (20 events):
Event: 7.657 GC heap before
{Heap before GC invocations=8 (full 0):
 PSYoungGen      total 29184K, used 7830K [0x00000000eab00000, 0x00000000ed180000, 0x0000000100000000)
  eden space 24064K, 11% used [0x00000000eab00000,0x00000000eada6050,0x00000000ec280000)
  from space 5120K, 99% used [0x00000000ec400000,0x00000000ec8ff930,0x00000000ec900000)
  to   space 7680K, 0% used [0x00000000eca00000,0x00000000eca00000,0x00000000ed180000)
 ParOldGen       total 68608K, used 9635K [0x00000000c0000000, 0x00000000c4300000, 0x00000000eab00000)
  object space 68608K, 14% used [0x00000000c0000000,0x00000000c0968c90,0x00000000c4300000)
 Metaspace       used 20657K, committed 21504K, reserved 1114112K
  class space    used 2048K, committed 2432K, reserved 1048576K
}
Event: 7.662 GC heap after
{Heap after GC invocations=8 (full 0):
 PSYoungGen      total 28160K, used 3963K [0x00000000eab00000, 0x00000000ece00000, 0x0000000100000000)
  eden space 24064K, 0% used [0x00000000eab00000,0x00000000eab00000,0x00000000ec280000)
  from space 4096K, 96% used [0x00000000eca00000,0x00000000ecddeed8,0x00000000ece00000)
  to   space 5120K, 0% used [0x00000000ec400000,0x00000000ec400000,0x00000000ec900000)
 ParOldGen       total 68608K, used 10192K [0x00000000c0000000, 0x00000000c4300000, 0x00000000eab00000)
  object space 68608K, 14% used [0x00000000c0000000,0x00000000c09f41e0,0x00000000c4300000)
 Metaspace       used 20657K, committed 21504K, reserved 1114112K
  class space    used 2048K, committed 2432K, reserved 1048576K
}
Event: 7.662 GC heap before
{Heap before GC invocations=9 (full 1):
 PSYoungGen      total 28160K, used 3963K [0x00000000eab00000, 0x00000000ece00000, 0x0000000100000000)
  eden space 24064K, 0% used [0x00000000eab00000,0x00000000eab00000,0x00000000ec280000)
  from space 4096K, 96% used [0x00000000eca00000,0x00000000ecddeed8,0x00000000ece00000)
  to   space 5120K, 0% used [0x00000000ec400000,0x00000000ec400000,0x00000000ec900000)
 ParOldGen       total 68608K, used 10192K [0x00000000c0000000, 0x00000000c4300000, 0x00000000eab00000)
  object space 68608K, 14% used [0x00000000c0000000,0x00000000c09f41e0,0x00000000c4300000)
 Metaspace       used 20657K, committed 21504K, reserved 1114112K
  class space    used 2048K, committed 2432K, reserved 1048576K
}
Event: 7.736 GC heap after
{Heap after GC invocations=9 (full 1):
 PSYoungGen      total 28160K, used 0K [0x00000000eab00000, 0x00000000ece00000, 0x0000000100000000)
  eden space 24064K, 0% used [0x00000000eab00000,0x00000000eab00000,0x00000000ec280000)
  from space 4096K, 0% used [0x00000000eca00000,0x00000000eca00000,0x00000000ece00000)
  to   space 5120K, 0% used [0x00000000ec400000,0x00000000ec400000,0x00000000ec900000)
 ParOldGen       total 68608K, used 12946K [0x00000000c0000000, 0x00000000c4300000, 0x00000000eab00000)
  object space 68608K, 18% used [0x00000000c0000000,0x00000000c0ca4988,0x00000000c4300000)
 Metaspace       used 20644K, committed 21504K, reserved 1114112K
  class space    used 2044K, committed 2432K, reserved 1048576K
}
Event: 8.270 GC heap before
{Heap before GC invocations=10 (full 1):
 PSYoungGen      total 28160K, used 24064K [0x00000000eab00000, 0x00000000ece00000, 0x0000000100000000)
  eden space 24064K, 100% used [0x00000000eab00000,0x00000000ec280000,0x00000000ec280000)
  from space 4096K, 0% used [0x00000000eca00000,0x00000000eca00000,0x00000000ece00000)
  to   space 5120K, 0% used [0x00000000ec400000,0x00000000ec400000,0x00000000ec900000)
 ParOldGen       total 68608K, used 12946K [0x00000000c0000000, 0x00000000c4300000, 0x00000000eab00000)
  object space 68608K, 18% used [0x00000000c0000000,0x00000000c0ca4988,0x00000000c4300000)
 Metaspace       used 24359K, committed 25216K, reserved 1114112K
  class space    used 2329K, committed 2688K, reserved 1048576K
}
Event: 8.273 GC heap after
{Heap after GC invocations=10 (full 1):
 PSYoungGen      total 24064K, used 405K [0x00000000eab00000, 0x00000000eca80000, 0x0000000100000000)
  eden space 23552K, 0% used [0x00000000eab00000,0x00000000eab00000,0x00000000ec200000)
  from space 512K, 79% used [0x00000000ec400000,0x00000000ec465488,0x00000000ec480000)
  to   space 2048K, 0% used [0x00000000ec880000,0x00000000ec880000,0x00000000eca80000)
 ParOldGen       total 68608K, used 12946K [0x00000000c0000000, 0x00000000c4300000, 0x00000000eab00000)
  object space 68608K, 18% used [0x00000000c0000000,0x00000000c0ca4988,0x00000000c4300000)
 Metaspace       used 24359K, committed 25216K, reserved 1114112K
  class space    used 2329K, committed 2688K, reserved 1048576K
}
Event: 8.495 GC heap before
{Heap before GC invocations=11 (full 1):
 PSYoungGen      total 24064K, used 23957K [0x00000000eab00000, 0x00000000eca80000, 0x0000000100000000)
  eden space 23552K, 100% used [0x00000000eab00000,0x00000000ec200000,0x00000000ec200000)
  from space 512K, 79% used [0x00000000ec400000,0x00000000ec465488,0x00000000ec480000)
  to   space 2048K, 0% used [0x00000000ec880000,0x00000000ec880000,0x00000000eca80000)
 ParOldGen       total 68608K, used 12946K [0x00000000c0000000, 0x00000000c4300000, 0x00000000eab00000)
  object space 68608K, 18% used [0x00000000c0000000,0x00000000c0ca4988,0x00000000c4300000)
 Metaspace       used 25842K, committed 26688K, reserved 1114112K
  class space    used 2464K, committed 2816K, reserved 1048576K
}
Event: 8.498 GC heap after
{Heap after GC invocations=11 (full 1):
 PSYoungGen      total 24576K, used 1531K [0x00000000eab00000, 0x00000000eca00000, 0x0000000100000000)
  eden space 23040K, 0% used [0x00000000eab00000,0x00000000eab00000,0x00000000ec180000)
  from space 1536K, 99% used [0x00000000ec880000,0x00000000ec9feda0,0x00000000eca00000)
  to   space 2048K, 0% used [0x00000000ec600000,0x00000000ec600000,0x00000000ec800000)
 ParOldGen       total 68608K, used 13735K [0x00000000c0000000, 0x00000000c4300000, 0x00000000eab00000)
  object space 68608K, 20% used [0x00000000c0000000,0x00000000c0d69e98,0x00000000c4300000)
 Metaspace       used 25842K, committed 26688K, reserved 1114112K
  class space    used 2464K, committed 2816K, reserved 1048576K
}
Event: 8.939 GC heap before
{Heap before GC invocations=12 (full 1):
 PSYoungGen      total 24576K, used 24571K [0x00000000eab00000, 0x00000000eca00000, 0x0000000100000000)
  eden space 23040K, 100% used [0x00000000eab00000,0x00000000ec180000,0x00000000ec180000)
  from space 1536K, 99% used [0x00000000ec880000,0x00000000ec9feda0,0x00000000eca00000)
  to   space 2048K, 0% used [0x00000000ec600000,0x00000000ec600000,0x00000000ec800000)
 ParOldGen       total 68608K, used 13735K [0x00000000c0000000, 0x00000000c4300000, 0x00000000eab00000)
  object space 68608K, 20% used [0x00000000c0000000,0x00000000c0d69e98,0x00000000c4300000)
 Metaspace       used 29588K, committed 30528K, reserved 1114112K
  class space    used 2889K, committed 3264K, reserved 1048576K
}
Event: 8.942 GC heap after
{Heap after GC invocations=12 (full 1):
 PSYoungGen      total 24064K, used 1381K [0x00000000eab00000, 0x00000000ec900000, 0x0000000100000000)
  eden space 22528K, 0% used [0x00000000eab00000,0x00000000eab00000,0x00000000ec100000)
  from space 1536K, 89% used [0x00000000ec600000,0x00000000ec759680,0x00000000ec780000)
  to   space 1536K, 0% used [0x00000000ec780000,0x00000000ec780000,0x00000000ec900000)
 ParOldGen       total 68608K, used 15122K [0x00000000c0000000, 0x00000000c4300000, 0x00000000eab00000)
  object space 68608K, 22% used [0x00000000c0000000,0x00000000c0ec4bc8,0x00000000c4300000)
 Metaspace       used 29588K, committed 30528K, reserved 1114112K
  class space    used 2889K, committed 3264K, reserved 1048576K
}
Event: 9.359 GC heap before
{Heap before GC invocations=13 (full 1):
 PSYoungGen      total 24064K, used 23909K [0x00000000eab00000, 0x00000000ec900000, 0x0000000100000000)
  eden space 22528K, 100% used [0x00000000eab00000,0x00000000ec100000,0x00000000ec100000)
  from space 1536K, 89% used [0x00000000ec600000,0x00000000ec759680,0x00000000ec780000)
  to   space 1536K, 0% used [0x00000000ec780000,0x00000000ec780000,0x00000000ec900000)
 ParOldGen       total 68608K, used 15122K [0x00000000c0000000, 0x00000000c4300000, 0x00000000eab00000)
  object space 68608K, 22% used [0x00000000c0000000,0x00000000c0ec4bc8,0x00000000c4300000)
 Metaspace       used 31644K, committed 32576K, reserved 1114112K
  class space    used 3164K, committed 3520K, reserved 1048576K
}
Event: 9.362 GC heap after
{Heap after GC invocations=13 (full 1):
 PSYoungGen      total 23040K, used 832K [0x00000000eab00000, 0x00000000ec880000, 0x0000000100000000)
  eden space 22016K, 0% used [0x00000000eab00000,0x00000000eab00000,0x00000000ec080000)
  from space 1024K, 81% used [0x00000000ec780000,0x00000000ec850000,0x00000000ec880000)
  to   space 1536K, 0% used [0x00000000ec580000,0x00000000ec580000,0x00000000ec700000)
 ParOldGen       total 68608K, used 16271K [0x00000000c0000000, 0x00000000c4300000, 0x00000000eab00000)
  object space 68608K, 23% used [0x00000000c0000000,0x00000000c0fe3dd8,0x00000000c4300000)
 Metaspace       used 31644K, committed 32576K, reserved 1114112K
  class space    used 3164K, committed 3520K, reserved 1048576K
}
Event: 9.585 GC heap before
{Heap before GC invocations=14 (full 1):
 PSYoungGen      total 23040K, used 22848K [0x00000000eab00000, 0x00000000ec880000, 0x0000000100000000)
  eden space 22016K, 100% used [0x00000000eab00000,0x00000000ec080000,0x00000000ec080000)
  from space 1024K, 81% used [0x00000000ec780000,0x00000000ec850000,0x00000000ec880000)
  to   space 1536K, 0% used [0x00000000ec580000,0x00000000ec580000,0x00000000ec700000)
 ParOldGen       total 68608K, used 16271K [0x00000000c0000000, 0x00000000c4300000, 0x00000000eab00000)
  object space 68608K, 23% used [0x00000000c0000000,0x00000000c0fe3dd8,0x00000000c4300000)
 Metaspace       used 33968K, committed 35008K, reserved 1114112K
  class space    used 3436K, committed 3840K, reserved 1048576K
}
Event: 9.588 GC heap after
{Heap after GC invocations=14 (full 1):
 PSYoungGen      total 23552K, used 1486K [0x00000000eab00000, 0x00000000ec800000, 0x0000000100000000)
  eden space 22016K, 0% used [0x00000000eab00000,0x00000000eab00000,0x00000000ec080000)
  from space 1536K, 96% used [0x00000000ec580000,0x00000000ec6f3968,0x00000000ec700000)
  to   space 1024K, 0% used [0x00000000ec700000,0x00000000ec700000,0x00000000ec800000)
 ParOldGen       total 68608K, used 16941K [0x00000000c0000000, 0x00000000c4300000, 0x00000000eab00000)
  object space 68608K, 24% used [0x00000000c0000000,0x00000000c108b760,0x00000000c4300000)
 Metaspace       used 33968K, committed 35008K, reserved 1114112K
  class space    used 3436K, committed 3840K, reserved 1048576K
}
Event: 9.637 GC heap before
{Heap before GC invocations=15 (full 1):
 PSYoungGen      total 23552K, used 8558K [0x00000000eab00000, 0x00000000ec800000, 0x0000000100000000)
  eden space 22016K, 32% used [0x00000000eab00000,0x00000000eb1e8288,0x00000000ec080000)
  from space 1536K, 96% used [0x00000000ec580000,0x00000000ec6f3968,0x00000000ec700000)
  to   space 1024K, 0% used [0x00000000ec700000,0x00000000ec700000,0x00000000ec800000)
 ParOldGen       total 68608K, used 16941K [0x00000000c0000000, 0x00000000c4300000, 0x00000000eab00000)
  object space 68608K, 24% used [0x00000000c0000000,0x00000000c108b760,0x00000000c4300000)
 Metaspace       used 34804K, committed 35840K, reserved 1114112K
  class space    used 3539K, committed 3968K, reserved 1048576K
}
Event: 9.639 GC heap after
{Heap after GC invocations=15 (full 1):
 PSYoungGen      total 23040K, used 537K [0x00000000eab00000, 0x00000000ec800000, 0x0000000100000000)
  eden space 22016K, 0% used [0x00000000eab00000,0x00000000eab00000,0x00000000ec080000)
  from space 1024K, 52% used [0x00000000ec700000,0x00000000ec786778,0x00000000ec800000)
  to   space 1024K, 0% used [0x00000000ec600000,0x00000000ec600000,0x00000000ec700000)
 ParOldGen       total 68608K, used 18103K [0x00000000c0000000, 0x00000000c4300000, 0x00000000eab00000)
  object space 68608K, 26% used [0x00000000c0000000,0x00000000c11adeb0,0x00000000c4300000)
 Metaspace       used 34804K, committed 35840K, reserved 1114112K
  class space    used 3539K, committed 3968K, reserved 1048576K
}
Event: 9.639 GC heap before
{Heap before GC invocations=16 (full 2):
 PSYoungGen      total 23040K, used 537K [0x00000000eab00000, 0x00000000ec800000, 0x0000000100000000)
  eden space 22016K, 0% used [0x00000000eab00000,0x00000000eab00000,0x00000000ec080000)
  from space 1024K, 52% used [0x00000000ec700000,0x00000000ec786778,0x00000000ec800000)
  to   space 1024K, 0% used [0x00000000ec600000,0x00000000ec600000,0x00000000ec700000)
 ParOldGen       total 68608K, used 18103K [0x00000000c0000000, 0x00000000c4300000, 0x00000000eab00000)
  object space 68608K, 26% used [0x00000000c0000000,0x00000000c11adeb0,0x00000000c4300000)
 Metaspace       used 34804K, committed 35840K, reserved 1114112K
  class space    used 3539K, committed 3968K, reserved 1048576K
}
Event: 9.684 GC heap after
{Heap after GC invocations=16 (full 2):
 PSYoungGen      total 23040K, used 0K [0x00000000eab00000, 0x00000000ec800000, 0x0000000100000000)
  eden space 22016K, 0% used [0x00000000eab00000,0x00000000eab00000,0x00000000ec080000)
  from space 1024K, 0% used [0x00000000ec700000,0x00000000ec700000,0x00000000ec800000)
  to   space 1024K, 0% used [0x00000000ec600000,0x00000000ec600000,0x00000000ec700000)
 ParOldGen       total 68608K, used 17130K [0x00000000c0000000, 0x00000000c4300000, 0x00000000eab00000)
  object space 68608K, 24% used [0x00000000c0000000,0x00000000c10bab68,0x00000000c4300000)
 Metaspace       used 34804K, committed 35840K, reserved 1114112K
  class space    used 3539K, committed 3968K, reserved 1048576K
}
Event: 9.878 GC heap before
{Heap before GC invocations=17 (full 2):
 PSYoungGen      total 23040K, used 22016K [0x00000000eab00000, 0x00000000ec800000, 0x0000000100000000)
  eden space 22016K, 100% used [0x00000000eab00000,0x00000000ec080000,0x00000000ec080000)
  from space 1024K, 0% used [0x00000000ec700000,0x00000000ec700000,0x00000000ec800000)
  to   space 1024K, 0% used [0x00000000ec600000,0x00000000ec600000,0x00000000ec700000)
 ParOldGen       total 68608K, used 17130K [0x00000000c0000000, 0x00000000c4300000, 0x00000000eab00000)
  object space 68608K, 24% used [0x00000000c0000000,0x00000000c10bab68,0x00000000c4300000)
 Metaspace       used 37261K, committed 38336K, reserved 1114112K
  class space    used 3862K, committed 4288K, reserved 1048576K
}
Event: 9.880 GC heap after
{Heap after GC invocations=17 (full 2):
 PSYoungGen      total 23040K, used 1024K [0x00000000eab00000, 0x00000000ec780000, 0x0000000100000000)
  eden space 22016K, 0% used [0x00000000eab00000,0x00000000eab00000,0x00000000ec080000)
  from space 1024K, 100% used [0x00000000ec600000,0x00000000ec700000,0x00000000ec700000)
  to   space 512K, 0% used [0x00000000ec700000,0x00000000ec700000,0x00000000ec780000)
 ParOldGen       total 68608K, used 17810K [0x00000000c0000000, 0x00000000c4300000, 0x00000000eab00000)
  object space 68608K, 25% used [0x00000000c0000000,0x00000000c1164b68,0x00000000c4300000)
 Metaspace       used 37261K, committed 38336K, reserved 1114112K
  class space    used 3862K, committed 4288K, reserved 1048576K
}

