# JRE version: OpenJDK Runtime Environment Temurin-21.0.7+6 (21.0.7+6) (build 21.0.7+6-LTS)
# Java VM: OpenJDK 64-Bit Server VM Temurin-21.0.7+6 (21.0.7+6-LTS, mixed mode, sharing, tiered, compressed oops, compressed class ptrs, parallel gc, windows-amd64)
GC Precious Log:
 CardTable entry size: 512
 CPUs: 8 total, 8 available
 Memory: 8022M
 Large Page Support: Disabled
 NUMA Support: Disabled
 Compressed Oops: Enabled (32-bit)
 Alignments: Space 512K, Generation 512K, Heap 2M
 Heap Min Capacity: 100M
 Heap Initial Capacity: 100M
 Heap Max Capacity: 1G
 Pre-touch: Disabled
 Parallel Workers: 8
Heap:
 PSYoungGen      total 11776K, used 5751K [0x00000000eab00000, 0x00000000eb780000, 0x0000000100000000)
  eden space 11264K, 49% used [0x00000000eab00000,0x00000000eb065c98,0x00000000eb600000)
  from space 512K, 43% used [0x00000000eb700000,0x00000000eb738000,0x00000000eb780000)
  to   space 512K, 0% used [0x00000000eb680000,0x00000000eb680000,0x00000000eb700000)
 ParOldGen       total 68608K, used 46877K [0x00000000c0000000, 0x00000000c4300000, 0x00000000eab00000)
  object space 68608K, 68% used [0x00000000c0000000,0x00000000c2dc7710,0x00000000c4300000)
 Metaspace       used 68565K, committed 69952K, reserved 1114112K
  class space    used 8401K, committed 9024K, reserved 1048576K
GC Heap History (20 events):
Event: 30.431 GC heap before
{Heap before GC invocations=56 (full 3):
 PSYoungGen      total 12288K, used 12270K [0x00000000eab00000, 0x00000000ebb80000, 0x0000000100000000)
  eden space 11264K, 100% used [0x00000000eab00000,0x00000000eb600000,0x00000000eb600000)
  from space 1024K, 98% used [0x00000000eb880000,0x00000000eb97bb70,0x00000000eb980000)
  to   space 2560K, 0% used [0x00000000eb600000,0x00000000eb600000,0x00000000eb880000)
 ParOldGen       total 68608K, used 44718K [0x00000000c0000000, 0x00000000c4300000, 0x00000000eab00000)
  object space 68608K, 65% used [0x00000000c0000000,0x00000000c2bab978,0x00000000c4300000)
 Metaspace       used 66577K, committed 67904K, reserved 1114112K
  class space    used 8156K, committed 8768K, reserved 1048576K
}
Event: 30.432 GC heap after
{Heap after GC invocations=56 (full 3):
 PSYoungGen      total 11776K, used 320K [0x00000000eab00000, 0x00000000eb900000, 0x0000000100000000)
  eden space 11264K, 0% used [0x00000000eab00000,0x00000000eab00000,0x00000000eb600000)
  from space 512K, 62% used [0x00000000eb600000,0x00000000eb650000,0x00000000eb680000)
  to   space 1024K, 0% used [0x00000000eb800000,0x00000000eb800000,0x00000000eb900000)
 ParOldGen       total 68608K, used 44774K [0x00000000c0000000, 0x00000000c4300000, 0x00000000eab00000)
  object space 68608K, 65% used [0x00000000c0000000,0x00000000c2bb9978,0x00000000c4300000)
 Metaspace       used 66577K, committed 67904K, reserved 1114112K
  class space    used 8156K, committed 8768K, reserved 1048576K
}
Event: 30.496 GC heap before
{Heap before GC invocations=57 (full 3):
 PSYoungGen      total 11776K, used 11584K [0x00000000eab00000, 0x00000000eb900000, 0x0000000100000000)
  eden space 11264K, 100% used [0x00000000eab00000,0x00000000eb600000,0x00000000eb600000)
  from space 512K, 62% used [0x00000000eb600000,0x00000000eb650000,0x00000000eb680000)
  to   space 1024K, 0% used [0x00000000eb800000,0x00000000eb800000,0x00000000eb900000)
 ParOldGen       total 68608K, used 44774K [0x00000000c0000000, 0x00000000c4300000, 0x00000000eab00000)
  object space 68608K, 65% used [0x00000000c0000000,0x00000000c2bb9978,0x00000000c4300000)
 Metaspace       used 66577K, committed 67904K, reserved 1114112K
  class space    used 8156K, committed 8768K, reserved 1048576K
}
Event: 30.497 GC heap after
{Heap after GC invocations=57 (full 3):
 PSYoungGen      total 12288K, used 1003K [0x00000000eab00000, 0x00000000eb900000, 0x0000000100000000)
  eden space 11264K, 0% used [0x00000000eab00000,0x00000000eab00000,0x00000000eb600000)
  from space 1024K, 98% used [0x00000000eb800000,0x00000000eb8faee8,0x00000000eb900000)
  to   space 1536K, 0% used [0x00000000eb600000,0x00000000eb600000,0x00000000eb780000)
 ParOldGen       total 68608K, used 45058K [0x00000000c0000000, 0x00000000c4300000, 0x00000000eab00000)
  object space 68608K, 65% used [0x00000000c0000000,0x00000000c2c00960,0x00000000c4300000)
 Metaspace       used 66577K, committed 67904K, reserved 1114112K
  class space    used 8156K, committed 8768K, reserved 1048576K
}
Event: 30.563 GC heap before
{Heap before GC invocations=58 (full 3):
 PSYoungGen      total 12288K, used 12267K [0x00000000eab00000, 0x00000000eb900000, 0x0000000100000000)
  eden space 11264K, 100% used [0x00000000eab00000,0x00000000eb600000,0x00000000eb600000)
  from space 1024K, 98% used [0x00000000eb800000,0x00000000eb8faee8,0x00000000eb900000)
  to   space 1536K, 0% used [0x00000000eb600000,0x00000000eb600000,0x00000000eb780000)
 ParOldGen       total 68608K, used 45058K [0x00000000c0000000, 0x00000000c4300000, 0x00000000eab00000)
  object space 68608K, 65% used [0x00000000c0000000,0x00000000c2c00960,0x00000000c4300000)
 Metaspace       used 66577K, committed 67904K, reserved 1114112K
  class space    used 8156K, committed 8768K, reserved 1048576K
}
Event: 30.564 GC heap after
{Heap after GC invocations=58 (full 3):
 PSYoungGen      total 12800K, used 256K [0x00000000eab00000, 0x00000000eb880000, 0x0000000100000000)
  eden space 11264K, 0% used [0x00000000eab00000,0x00000000eab00000,0x00000000eb600000)
  from space 1536K, 16% used [0x00000000eb600000,0x00000000eb640000,0x00000000eb780000)
  to   space 1024K, 0% used [0x00000000eb780000,0x00000000eb780000,0x00000000eb880000)
 ParOldGen       total 68608K, used 45114K [0x00000000c0000000, 0x00000000c4300000, 0x00000000eab00000)
  object space 68608K, 65% used [0x00000000c0000000,0x00000000c2c0e960,0x00000000c4300000)
 Metaspace       used 66577K, committed 67904K, reserved 1114112K
  class space    used 8156K, committed 8768K, reserved 1048576K
}
Event: 30.618 GC heap before
{Heap before GC invocations=59 (full 3):
 PSYoungGen      total 12800K, used 11520K [0x00000000eab00000, 0x00000000eb880000, 0x0000000100000000)
  eden space 11264K, 100% used [0x00000000eab00000,0x00000000eb600000,0x00000000eb600000)
  from space 1536K, 16% used [0x00000000eb600000,0x00000000eb640000,0x00000000eb780000)
  to   space 1024K, 0% used [0x00000000eb780000,0x00000000eb780000,0x00000000eb880000)
 ParOldGen       total 68608K, used 45114K [0x00000000c0000000, 0x00000000c4300000, 0x00000000eab00000)
  object space 68608K, 65% used [0x00000000c0000000,0x00000000c2c0e960,0x00000000c4300000)
 Metaspace       used 66577K, committed 67904K, reserved 1114112K
  class space    used 8156K, committed 8768K, reserved 1048576K
}
Event: 30.619 GC heap after
{Heap after GC invocations=59 (full 3):
 PSYoungGen      total 12288K, used 1006K [0x00000000eab00000, 0x00000000eb900000, 0x0000000100000000)
  eden space 11264K, 0% used [0x00000000eab00000,0x00000000eab00000,0x00000000eb600000)
  from space 1024K, 98% used [0x00000000eb780000,0x00000000eb87ba50,0x00000000eb880000)
  to   space 1536K, 0% used [0x00000000eb600000,0x00000000eb600000,0x00000000eb780000)
 ParOldGen       total 68608K, used 45203K [0x00000000c0000000, 0x00000000c4300000, 0x00000000eab00000)
  object space 68608K, 65% used [0x00000000c0000000,0x00000000c2c24e18,0x00000000c4300000)
 Metaspace       used 66577K, committed 67904K, reserved 1114112K
  class space    used 8156K, committed 8768K, reserved 1048576K
}
Event: 30.671 GC heap before
{Heap before GC invocations=60 (full 3):
 PSYoungGen      total 12288K, used 12270K [0x00000000eab00000, 0x00000000eb900000, 0x0000000100000000)
  eden space 11264K, 100% used [0x00000000eab00000,0x00000000eb600000,0x00000000eb600000)
  from space 1024K, 98% used [0x00000000eb780000,0x00000000eb87ba50,0x00000000eb880000)
  to   space 1536K, 0% used [0x00000000eb600000,0x00000000eb600000,0x00000000eb780000)
 ParOldGen       total 68608K, used 45203K [0x00000000c0000000, 0x00000000c4300000, 0x00000000eab00000)
  object space 68608K, 65% used [0x00000000c0000000,0x00000000c2c24e18,0x00000000c4300000)
 Metaspace       used 66577K, committed 67904K, reserved 1114112K
  class space    used 8156K, committed 8768K, reserved 1048576K
}
Event: 30.671 GC heap after
{Heap after GC invocations=60 (full 3):
 PSYoungGen      total 11776K, used 224K [0x00000000eab00000, 0x00000000eb800000, 0x0000000100000000)
  eden space 11264K, 0% used [0x00000000eab00000,0x00000000eab00000,0x00000000eb600000)
  from space 512K, 43% used [0x00000000eb600000,0x00000000eb638000,0x00000000eb680000)
  to   space 1024K, 0% used [0x00000000eb700000,0x00000000eb700000,0x00000000eb800000)
 ParOldGen       total 68608K, used 45396K [0x00000000c0000000, 0x00000000c4300000, 0x00000000eab00000)
  object space 68608K, 66% used [0x00000000c0000000,0x00000000c2c550d8,0x00000000c4300000)
 Metaspace       used 66577K, committed 67904K, reserved 1114112K
  class space    used 8156K, committed 8768K, reserved 1048576K
}
Event: 30.735 GC heap before
{Heap before GC invocations=61 (full 3):
 PSYoungGen      total 11776K, used 11488K [0x00000000eab00000, 0x00000000eb800000, 0x0000000100000000)
  eden space 11264K, 100% used [0x00000000eab00000,0x00000000eb600000,0x00000000eb600000)
  from space 512K, 43% used [0x00000000eb600000,0x00000000eb638000,0x00000000eb680000)
  to   space 1024K, 0% used [0x00000000eb700000,0x00000000eb700000,0x00000000eb800000)
 ParOldGen       total 68608K, used 45396K [0x00000000c0000000, 0x00000000c4300000, 0x00000000eab00000)
  object space 68608K, 66% used [0x00000000c0000000,0x00000000c2c550d8,0x00000000c4300000)
 Metaspace       used 66577K, committed 67904K, reserved 1114112K
  class space    used 8156K, committed 8768K, reserved 1048576K
}
Event: 30.736 GC heap after
{Heap after GC invocations=61 (full 3):
 PSYoungGen      total 12288K, used 898K [0x00000000eab00000, 0x00000000eb800000, 0x0000000100000000)
  eden space 11264K, 0% used [0x00000000eab00000,0x00000000eab00000,0x00000000eb600000)
  from space 1024K, 87% used [0x00000000eb700000,0x00000000eb7e0b68,0x00000000eb800000)
  to   space 1024K, 0% used [0x00000000eb600000,0x00000000eb600000,0x00000000eb700000)
 ParOldGen       total 68608K, used 45460K [0x00000000c0000000, 0x00000000c4300000, 0x00000000eab00000)
  object space 68608K, 66% used [0x00000000c0000000,0x00000000c2c650e8,0x00000000c4300000)
 Metaspace       used 66577K, committed 67904K, reserved 1114112K
  class space    used 8156K, committed 8768K, reserved 1048576K
}
Event: 30.784 GC heap before
{Heap before GC invocations=62 (full 3):
 PSYoungGen      total 12288K, used 12162K [0x00000000eab00000, 0x00000000eb800000, 0x0000000100000000)
  eden space 11264K, 100% used [0x00000000eab00000,0x00000000eb600000,0x00000000eb600000)
  from space 1024K, 87% used [0x00000000eb700000,0x00000000eb7e0b68,0x00000000eb800000)
  to   space 1024K, 0% used [0x00000000eb600000,0x00000000eb600000,0x00000000eb700000)
 ParOldGen       total 68608K, used 45460K [0x00000000c0000000, 0x00000000c4300000, 0x00000000eab00000)
  object space 68608K, 66% used [0x00000000c0000000,0x00000000c2c650e8,0x00000000c4300000)
 Metaspace       used 66577K, committed 67904K, reserved 1114112K
  class space    used 8156K, committed 8768K, reserved 1048576K
}
Event: 30.784 GC heap after
{Heap after GC invocations=62 (full 3):
 PSYoungGen      total 12288K, used 256K [0x00000000eab00000, 0x00000000eb780000, 0x0000000100000000)
  eden space 11264K, 0% used [0x00000000eab00000,0x00000000eab00000,0x00000000eb600000)
  from space 1024K, 25% used [0x00000000eb600000,0x00000000eb640000,0x00000000eb700000)
  to   space 512K, 0% used [0x00000000eb700000,0x00000000eb700000,0x00000000eb780000)
 ParOldGen       total 68608K, used 46053K [0x00000000c0000000, 0x00000000c4300000, 0x00000000eab00000)
  object space 68608K, 67% used [0x00000000c0000000,0x00000000c2cf96d0,0x00000000c4300000)
 Metaspace       used 66577K, committed 67904K, reserved 1114112K
  class space    used 8156K, committed 8768K, reserved 1048576K
}
Event: 30.927 GC heap before
{Heap before GC invocations=63 (full 3):
 PSYoungGen      total 12288K, used 11520K [0x00000000eab00000, 0x00000000eb780000, 0x0000000100000000)
  eden space 11264K, 100% used [0x00000000eab00000,0x00000000eb600000,0x00000000eb600000)
  from space 1024K, 25% used [0x00000000eb600000,0x00000000eb640000,0x00000000eb700000)
  to   space 512K, 0% used [0x00000000eb700000,0x00000000eb700000,0x00000000eb780000)
 ParOldGen       total 68608K, used 46053K [0x00000000c0000000, 0x00000000c4300000, 0x00000000eab00000)
  object space 68608K, 67% used [0x00000000c0000000,0x00000000c2cf96d0,0x00000000c4300000)
 Metaspace       used 67274K, committed 68608K, reserved 1114112K
  class space    used 8267K, committed 8896K, reserved 1048576K
}
Event: 30.929 GC heap after
{Heap after GC invocations=63 (full 3):
 PSYoungGen      total 11776K, used 480K [0x00000000eab00000, 0x00000000eb800000, 0x0000000100000000)
  eden space 11264K, 0% used [0x00000000eab00000,0x00000000eab00000,0x00000000eb600000)
  from space 512K, 93% used [0x00000000eb700000,0x00000000eb778010,0x00000000eb780000)
  to   space 1024K, 0% used [0x00000000eb600000,0x00000000eb600000,0x00000000eb700000)
 ParOldGen       total 68608K, used 46117K [0x00000000c0000000, 0x00000000c4300000, 0x00000000eab00000)
  object space 68608K, 67% used [0x00000000c0000000,0x00000000c2d096e0,0x00000000c4300000)
 Metaspace       used 67274K, committed 68608K, reserved 1114112K
  class space    used 8267K, committed 8896K, reserved 1048576K
}
Event: 49.179 GC heap before
{Heap before GC invocations=64 (full 3):
 PSYoungGen      total 11776K, used 11744K [0x00000000eab00000, 0x00000000eb800000, 0x0000000100000000)
  eden space 11264K, 100% used [0x00000000eab00000,0x00000000eb600000,0x00000000eb600000)
  from space 512K, 93% used [0x00000000eb700000,0x00000000eb778010,0x00000000eb780000)
  to   space 1024K, 0% used [0x00000000eb600000,0x00000000eb600000,0x00000000eb700000)
 ParOldGen       total 68608K, used 46117K [0x00000000c0000000, 0x00000000c4300000, 0x00000000eab00000)
  object space 68608K, 67% used [0x00000000c0000000,0x00000000c2d096e0,0x00000000c4300000)
 Metaspace       used 68242K, committed 69568K, reserved 1114112K
  class space    used 8371K, committed 8960K, reserved 1048576K
}
Event: 49.182 GC heap after
{Heap after GC invocations=64 (full 3):
 PSYoungGen      total 12288K, used 576K [0x00000000eab00000, 0x00000000eb800000, 0x0000000100000000)
  eden space 11264K, 0% used [0x00000000eab00000,0x00000000eab00000,0x00000000eb600000)
  from space 1024K, 56% used [0x00000000eb600000,0x00000000eb690000,0x00000000eb700000)
  to   space 1024K, 0% used [0x00000000eb700000,0x00000000eb700000,0x00000000eb800000)
 ParOldGen       total 68608K, used 46389K [0x00000000c0000000, 0x00000000c4300000, 0x00000000eab00000)
  object space 68608K, 67% used [0x00000000c0000000,0x00000000c2d4d6f0,0x00000000c4300000)
 Metaspace       used 68242K, committed 69568K, reserved 1114112K
  class space    used 8371K, committed 8960K, reserved 1048576K
}
Event: 52.767 GC heap before
{Heap before GC invocations=65 (full 3):
 PSYoungGen      total 12288K, used 11840K [0x00000000eab00000, 0x00000000eb800000, 0x0000000100000000)
  eden space 11264K, 100% used [0x00000000eab00000,0x00000000eb600000,0x00000000eb600000)
  from space 1024K, 56% used [0x00000000eb600000,0x00000000eb690000,0x00000000eb700000)
  to   space 1024K, 0% used [0x00000000eb700000,0x00000000eb700000,0x00000000eb800000)
 ParOldGen       total 68608K, used 46389K [0x00000000c0000000, 0x00000000c4300000, 0x00000000eab00000)
  object space 68608K, 67% used [0x00000000c0000000,0x00000000c2d4d6f0,0x00000000c4300000)
 Metaspace       used 68378K, committed 69760K, reserved 1114112K
  class space    used 8373K, committed 8960K, reserved 1048576K
}
Event: 52.770 GC heap after
{Heap after GC invocations=65 (full 3):
 PSYoungGen      total 11776K, used 224K [0x00000000eab00000, 0x00000000eb780000, 0x0000000100000000)
  eden space 11264K, 0% used [0x00000000eab00000,0x00000000eab00000,0x00000000eb600000)
  from space 512K, 43% used [0x00000000eb700000,0x00000000eb738000,0x00000000eb780000)
  to   space 512K, 0% used [0x00000000eb680000,0x00000000eb680000,0x00000000eb700000)
 ParOldGen       total 68608K, used 46877K [0x00000000c0000000, 0x00000000c4300000, 0x00000000eab00000)
  object space 68608K, 68% used [0x00000000c0000000,0x00000000c2dc7710,0x00000000c4300000)
 Metaspace       used 68378K, committed 69760K, reserved 1114112K
  class space    used 8373K, committed 8960K, reserved 1048576K
}

